2024-06-01T11:07:54.740+03:00  INFO 56148 --- [restartedMain] c.a.l.s.d.m.MycoolappApplication         : Starting MycoolappApplication using Java 17.0.9 with PID 56148 (D:\projects\intelijidea\udemy-spring\01-spring-boot-overview\06-properties-demo\target\classes started by ahmet in D:\projects\intelijidea\udemy-spring\01-spring-boot-overview\06-properties-demo)
2024-06-01T11:07:54.741+03:00  INFO 56148 --- [restartedMain] c.a.l.s.d.m.MycoolappApplication         : No active profile set, falling back to 1 default profile: "default"
2024-06-01T11:07:54.954+03:00  INFO 56148 --- [restartedMain] o.s.b.w.embedded.tomcat.TomcatWebServer  : Tomcat initialized with port 8080 (http)
2024-06-01T11:07:54.955+03:00  INFO 56148 --- [restartedMain] o.apache.catalina.core.StandardService   : Starting service [Tomcat]
2024-06-01T11:07:54.955+03:00  INFO 56148 --- [restartedMain] o.apache.catalina.core.StandardEngine    : Starting Servlet engine: [Apache Tomcat/10.1.24]
2024-06-01T11:07:54.970+03:00  INFO 56148 --- [restartedMain] o.a.c.c.C.[Tomcat].[localhost].[/]       : Initializing Spring embedded WebApplicationContext
2024-06-01T11:07:54.970+03:00  INFO 56148 --- [restartedMain] w.s.c.ServletWebServerApplicationContext : Root WebApplicationContext: initialization completed in 226 ms
2024-06-01T11:07:55.040+03:00  INFO 56148 --- [restartedMain] o.s.b.d.a.OptionalLiveReloadServer       : LiveReload server is running on port 35729
2024-06-01T11:07:55.046+03:00  INFO 56148 --- [restartedMain] o.s.b.w.embedded.tomcat.TomcatWebServer  : Tomcat started on port 8080 (http) with context path '/'
2024-06-01T11:07:55.049+03:00  INFO 56148 --- [restartedMain] c.a.l.s.d.m.MycoolappApplication         : Started MycoolappApplication in 0.354 seconds (process running for 377.773)
2024-06-01T11:07:55.050+03:00  INFO 56148 --- [restartedMain] .ConditionEvaluationDeltaLoggingListener : Condition evaluation unchanged
2024-06-01T11:08:42.276+03:00  INFO 56148 --- [File Watcher] rtingClassPathChangeChangedEventListener : Restarting due to 1 class path change (0 additions, 0 deletions, 1 modification)
2024-06-01T11:08:42.375+03:00 ERROR 56148 --- [restartedMain] o.s.b.d.LoggingFailureAnalysisReporter   : 

***************************
APPLICATION FAILED TO START
***************************

Description:

Failed to bind properties under 'logging.level.org' to org.springframework.boot.logging.LogLevel:

    Property: logging.level.org
    Value: "springframework=DEBUG"
    Origin: class path resource [application.properties] - 7:19
    Reason: failed to convert java.lang.String to org.springframework.boot.logging.LogLevel (caused by java.lang.IllegalArgumentException: No enum constant org.springframework.boot.logging.LogLevel.springframework=DEBUG)

Action:

Update your application's configuration. The following values are valid:

    DEBUG
    ERROR
    FATAL
    INFO
    OFF
    TRACE
    WARN

2024-06-01T11:09:13.302+03:00 ERROR 56148 --- [restartedMain] o.s.b.d.LoggingFailureAnalysisReporter   : 

***************************
APPLICATION FAILED TO START
***************************

Description:

Failed to bind properties under 'logging.level.org' to org.springframework.boot.logging.LogLevel:

    Property: logging.level.org
    Value: "springframework=DEBUG"
    Origin: class path resource [application.properties] - 8:19
    Reason: failed to convert java.lang.String to org.springframework.boot.logging.LogLevel (caused by java.lang.IllegalArgumentException: No enum constant org.springframework.boot.logging.LogLevel.springframework=DEBUG)

Action:

Update your application's configuration. The following values are valid:

    DEBUG
    ERROR
    FATAL
    INFO
    OFF
    TRACE
    WARN

2024-06-01T11:10:53.353+03:00 ERROR 56148 --- [restartedMain] o.s.b.d.LoggingFailureAnalysisReporter   : 

***************************
APPLICATION FAILED TO START
***************************

Description:

Failed to bind properties under 'logging.level.org' to org.springframework.boot.logging.LogLevel:

    Property: logging.level.org
    Value: "springframework=DEBUG"
    Origin: class path resource [application.properties] - 8:19
    Reason: failed to convert java.lang.String to org.springframework.boot.logging.LogLevel (caused by java.lang.IllegalArgumentException: No enum constant org.springframework.boot.logging.LogLevel.springframework=DEBUG)

Action:

Update your application's configuration. The following values are valid:

    DEBUG
    ERROR
    FATAL
    INFO
    OFF
    TRACE
    WARN

2024-06-01T11:11:17.136+03:00 ERROR 56148 --- [restartedMain] o.s.b.d.LoggingFailureAnalysisReporter   : 

***************************
APPLICATION FAILED TO START
***************************

Description:

Failed to bind properties under 'logging.level.org' to org.springframework.boot.logging.LogLevel:

    Property: logging.level.org
    Value: "springframework=DEBUG"
    Origin: class path resource [application.properties] - 12:19
    Reason: failed to convert java.lang.String to org.springframework.boot.logging.LogLevel (caused by java.lang.IllegalArgumentException: No enum constant org.springframework.boot.logging.LogLevel.springframework=DEBUG)

Action:

Update your application's configuration. The following values are valid:

    DEBUG
    ERROR
    FATAL
    INFO
    OFF
    TRACE
    WARN

